<?xml version="1.0" encoding="UTF-8"?>
<testng-results skipped="0" failed="0" ignored="0" total="8" passed="8">
  <reporter-output>
  </reporter-output>
  <suite name="Default suite" duration-ms="81454" started-at="2018-06-28T13:03:32Z" finished-at="2018-06-28T13:04:53Z">
    <groups>
    </groups>
    <test name="Default test" duration-ms="81454" started-at="2018-06-28T13:03:32Z" finished-at="2018-06-28T13:04:53Z">
      <class name="com.hris.testNG.AppTest">
        <test-method status="PASS" signature="testOpenHris()[pri:0, instance:com.hris.testNG.AppTest@6f01b95f]" name="testOpenHris" duration-ms="1704" started-at="2018-06-28T13:03:32Z" finished-at="2018-06-28T13:03:33Z">
          <reporter-output>
          </reporter-output>
        </test-method> <!-- testOpenHris -->
        <test-method status="PASS" signature="testValidLogin()[pri:0, instance:com.hris.testNG.AppTest@6f01b95f]" name="testValidLogin" duration-ms="11180" started-at="2018-06-28T13:03:33Z" depends-on-methods="com.hris.testNG.AppTest.testOpenHris" finished-at="2018-06-28T13:03:45Z">
          <reporter-output>
          </reporter-output>
        </test-method> <!-- testValidLogin -->
        <test-method status="PASS" signature="testBlankLogin()[pri:0, instance:com.hris.testNG.AppTest@6f01b95f]" name="testBlankLogin" duration-ms="10753" started-at="2018-06-28T13:03:45Z" depends-on-methods="com.hris.testNG.AppTest.testValidLogin" finished-at="2018-06-28T13:03:55Z">
          <reporter-output>
          </reporter-output>
        </test-method> <!-- testBlankLogin -->
        <test-method status="PASS" signature="testInvalidUsername()[pri:0, instance:com.hris.testNG.AppTest@6f01b95f]" name="testInvalidUsername" duration-ms="10833" started-at="2018-06-28T13:03:55Z" depends-on-methods="com.hris.testNG.AppTest.testBlankLogin" finished-at="2018-06-28T13:04:06Z">
          <reporter-output>
          </reporter-output>
        </test-method> <!-- testInvalidUsername -->
        <test-method status="PASS" signature="testInvalidPassword()[pri:0, instance:com.hris.testNG.AppTest@6f01b95f]" name="testInvalidPassword" duration-ms="12247" started-at="2018-06-28T13:04:06Z" depends-on-methods="com.hris.testNG.AppTest.testInvalidUsername" finished-at="2018-06-28T13:04:18Z">
          <reporter-output>
          </reporter-output>
        </test-method> <!-- testInvalidPassword -->
        <test-method status="PASS" signature="testUpperCaseUsername()[pri:0, instance:com.hris.testNG.AppTest@6f01b95f]" name="testUpperCaseUsername" duration-ms="19709" started-at="2018-06-28T13:04:18Z" depends-on-methods="com.hris.testNG.AppTest.testInvalidPassword" finished-at="2018-06-28T13:04:38Z">
          <reporter-output>
          </reporter-output>
        </test-method> <!-- testUpperCaseUsername -->
        <test-method status="PASS" signature="testDifferentCaseUser()[pri:0, instance:com.hris.testNG.AppTest@6f01b95f]" name="testDifferentCaseUser" duration-ms="14793" started-at="2018-06-28T13:04:38Z" depends-on-methods="com.hris.testNG.AppTest.testUpperCaseUsername" finished-at="2018-06-28T13:04:53Z">
          <reporter-output>
          </reporter-output>
        </test-method> <!-- testDifferentCaseUser -->
        <test-method status="PASS" signature="QuitBrowser()[pri:0, instance:com.hris.testNG.AppTest@6f01b95f]" name="QuitBrowser" duration-ms="161" started-at="2018-06-28T13:04:53Z" depends-on-methods="com.hris.testNG.AppTest.testDifferentCaseUser" finished-at="2018-06-28T13:04:53Z">
          <reporter-output>
          </reporter-output>
        </test-method> <!-- QuitBrowser -->
      </class> <!-- com.hris.testNG.AppTest -->
    </test> <!-- Default test -->
  </suite> <!-- Default suite -->
</testng-results>
